#-----------------------------------------------------------
# Webtalk v2018.1 (64-bit)
# SW Build 2188600 on Wed Apr  4 18:39:19 MDT 2018
# 
# Start of session at: Tue Jun 12 15:47:06 2018
# Process ID: 24128
# Current directory: /home/justin/vivado/driver_alert_system_zedboard/driver_alert_system_zedboard.sdk/webtalk
# Command line: wbtcv -mode batch -source sdk_webtalk.tcl
# Log file: /home/justin/vivado/driver_alert_system_zedboard/driver_alert_system_zedboard.sdk/webtalk/webtalk.log
# Journal file: /home/justin/vivado/driver_alert_system_zedboard/driver_alert_system_zedboard.sdk/webtalk/webtalk.jou
#-----------------------------------------------------------
source sdk_webtalk.tcl
# webtalk_init -webtalk_dir /home/justin/vivado/driver_alert_system_zedboard/driver_alert_system_zedboard.sdk/webtalk
# webtalk_register_client -client project
# webtalk_add_data -client project -key date_generated -value "2018-06-12 15:47:05" -context "software_version_and_target_device"
# webtalk_add_data -client project -key product_version -value "SDK v2018.1" -context "software_version_and_target_device"
# webtalk_add_data -client project -key build_version -value "2018.1" -context "software_version_and_target_device"
# webtalk_add_data -client project -key os_platform -value "amd64" -context "software_version_and_target_device"
# webtalk_add_data -client project -key registration_id -value "211497421_0_0_977" -context "software_version_and_target_device"
# webtalk_add_data -client project -key tool_flow -value "SDK" -context "software_version_and_target_device"
# webtalk_add_data -client project -key beta -value "false" -context "software_version_and_target_device"
# webtalk_add_data -client project -key route_design -value "NA" -context "software_version_and_target_device"
# webtalk_add_data -client project -key target_family -value "NA" -context "software_version_and_target_device"
# webtalk_add_data -client project -key target_device -value "NA" -context "software_version_and_target_device"
# webtalk_add_data -client project -key target_package -value "NA" -context "software_version_and_target_device"
# webtalk_add_data -client project -key target_speed -value "NA" -context "software_version_and_target_device"
# webtalk_add_data -client project -key random_id -value "fa2gj9q2ohh3ld0tbfjqu0sffs" -context "software_version_and_target_device"
# webtalk_add_data -client project -key project_id -value "2018.1_13" -context "software_version_and_target_device"
# webtalk_add_data -client project -key project_iteration -value "13" -context "software_version_and_target_device"
# webtalk_add_data -client project -key os_name -value "Ubuntu" -context "user_environment"
# webtalk_add_data -client project -key os_release -value "Ubuntu 16.04.4 LTS" -context "user_environment"
# webtalk_add_data -client project -key cpu_name -value "Intel(R) Xeon(R) CPU E3-1505M v6 @ 3.00GHz" -context "user_environment"
# webtalk_add_data -client project -key cpu_speed -value "3960.593 MHz" -context "user_environment"
# webtalk_add_data -client project -key total_processors -value "1" -context "user_environment"
# webtalk_add_data -client project -key system_ram -value "33.444 GB" -context "user_environment"
# webtalk_register_client -client sdk
# webtalk_add_data -client sdk -key uid -value "1528789302000" -context "sdk\\\\hardware/1528789302000"
# webtalk_add_data -client sdk -key isZynq -value "true" -context "sdk\\\\hardware/1528789302000"
# webtalk_add_data -client sdk -key isZynqMP -value "false" -context "sdk\\\\hardware/1528789302000"
# webtalk_add_data -client sdk -key Processors -value "2" -context "sdk\\\\hardware/1528789302000"
# webtalk_add_data -client sdk -key VivadoVersion -value "2018.1" -context "sdk\\\\hardware/1528789302000"
# webtalk_add_data -client sdk -key Arch -value "zynq" -context "sdk\\\\hardware/1528789302000"
# webtalk_add_data -client sdk -key Device -value "7z020" -context "sdk\\\\hardware/1528789302000"
# webtalk_add_data -client sdk -key IsHandoff -value "true" -context "sdk\\\\hardware/1528789302000"
# webtalk_add_data -client sdk -key os -value "NA" -context "sdk\\\\hardware/1528789302000"
# webtalk_add_data -client sdk -key apptemplate -value "NA" -context "sdk\\\\hardware/1528789302000"
# webtalk_add_data -client sdk -key RecordType -value "HWCreation" -context "sdk\\\\hardware/1528789302000"
# webtalk_add_data -client sdk -key uid -value "1528789514000" -context "sdk\\\\bsp/1528789514000"
# webtalk_add_data -client sdk -key hwid -value "1528789302000" -context "sdk\\\\bsp/1528789514000"
# webtalk_add_data -client sdk -key os -value "standalone" -context "sdk\\\\bsp/1528789514000"
# webtalk_add_data -client sdk -key apptemplate -value "hello_world" -context "sdk\\\\bsp/1528789514000"
# webtalk_add_data -client sdk -key RecordType -value "BSPCreation" -context "sdk\\\\bsp/1528789514000"
# webtalk_add_data -client sdk -key uid -value "1528789516000" -context "sdk\\\\application/1528789516000"
# webtalk_add_data -client sdk -key hwid -value "1528789302000" -context "sdk\\\\application/1528789516000"
# webtalk_add_data -client sdk -key bspid -value "1528789514000" -context "sdk\\\\application/1528789516000"
# webtalk_add_data -client sdk -key newbsp -value "true" -context "sdk\\\\application/1528789516000"
# webtalk_add_data -client sdk -key os -value "standalone" -context "sdk\\\\application/1528789516000"
# webtalk_add_data -client sdk -key apptemplate -value "hello_world" -context "sdk\\\\application/1528789516000"
# webtalk_add_data -client sdk -key RecordType -value "APPCreation" -context "sdk\\\\application/1528789516000"
# webtalk_add_data -client sdk -key LangUsed -value "C" -context "sdk\\\\application/1528789516000"
# webtalk_add_data -client sdk -key Procused -value "ps7_cortexa9" -context "sdk\\\\application/1528789516000"
# webtalk_add_data -client sdk -key uid -value "NA" -context "sdk\\\\bsp/1528789625875"
# webtalk_add_data -client sdk -key RecordType -value "ToolUsage" -context "sdk\\\\bsp/1528789625875"
# webtalk_add_data -client sdk -key BootgenCount -value "0" -context "sdk\\\\bsp/1528789625875"
# webtalk_add_data -client sdk -key DebugCount -value "0" -context "sdk\\\\bsp/1528789625875"
# webtalk_add_data -client sdk -key PerfCount -value "0" -context "sdk\\\\bsp/1528789625875"
# webtalk_add_data -client sdk -key FlashCount -value "0" -context "sdk\\\\bsp/1528789625875"
# webtalk_add_data -client sdk -key CrossTriggCount -value "0" -context "sdk\\\\bsp/1528789625875"
# webtalk_add_data -client sdk -key QemuDebugCount -value "0" -context "sdk\\\\bsp/1528789625875"
# webtalk_transmit -clientid 3897688484 -regid "211497421_0_0_977" -xml /home/justin/vivado/driver_alert_system_zedboard/driver_alert_system_zedboard.sdk/webtalk/usage_statistics_ext_sdk.xml -html /home/justin/vivado/driver_alert_system_zedboard/driver_alert_system_zedboard.sdk/webtalk/usage_statistics_ext_sdk.html -wdm /home/justin/vivado/driver_alert_system_zedboard/driver_alert_system_zedboard.sdk/webtalk/sdk_webtalk.wdm -intro "<H3>SDK Usage Report</H3><BR>"
INFO: [Common 17-186] '/home/justin/vivado/driver_alert_system_zedboard/driver_alert_system_zedboard.sdk/webtalk/usage_statistics_ext_sdk.xml' has been successfully sent to Xilinx on Tue Jun 12 15:47:09 2018. For additional details about this file, please refer to the WebTalk help file at /home/justin/software/vivado/Xilinx/SDK/2018.1/doc/webtalk_introduction.html.
# webtalk_terminate
INFO: [Common 17-206] Exiting Webtalk at Tue Jun 12 15:47:09 2018...
